Compiled jquery.js  (3ms)  (pid 4087)
Compiled jquery_ujs.js  (0ms)  (pid 4087)
Compiled admin.js  (186ms)  (pid 4087)
Compiled bootstrap.js  (1ms)  (pid 4087)
Compiled bootstrap.min.js  (0ms)  (pid 4087)
Compiled home.js  (136ms)  (pid 4087)
Compiled index.js  (133ms)  (pid 4087)
Compiled musics.js  (132ms)  (pid 4087)
Compiled videos.js  (133ms)  (pid 4087)
Compiled application.js  (854ms)  (pid 4087)
Compiled admin.css  (10ms)  (pid 4087)
Compiled bootstrap-responsive.css  (0ms)  (pid 4087)
Compiled bootstrap-responsive.min.css  (0ms)  (pid 4087)
Compiled bootstrap.css  (0ms)  (pid 4087)
Compiled bootstrap.min.css  (0ms)  (pid 4087)
Compiled home.css  (1ms)  (pid 4087)
Compiled index.css  (3ms)  (pid 4087)
Compiled musics.css  (1ms)  (pid 4087)
Compiled scaffolds.css  (1ms)  (pid 4087)
Compiled videos.css  (1ms)  (pid 4087)
Compiled application.css  (91ms)  (pid 4087)
Compiled jquery.js  (2ms)  (pid 28521)
Compiled jquery_ujs.js  (0ms)  (pid 28521)
Compiled admin.js  (151ms)  (pid 28521)
Compiled bootstrap-transition.js  (0ms)  (pid 28521)
Compiled bootstrap.js  (0ms)  (pid 28521)
Compiled bootstrap.min.js  (0ms)  (pid 28521)
Compiled bootstrap_dropdown.js  (0ms)  (pid 28521)
Compiled bootstrap_tab.js  (0ms)  (pid 28521)
Compiled docuent_files.js  (124ms)  (pid 28521)
Compiled docuents_files.js  (123ms)  (pid 28521)
Compiled home.js  (123ms)  (pid 28521)
Compiled index.js  (360ms)  (pid 28521)
Compiled musics.js  (170ms)  (pid 28521)
Compiled photos.js  (139ms)  (pid 28521)
Compiled videos.js  (202ms)  (pid 28521)
Compiled application.js  (1594ms)  (pid 28521)
Compiled admin.css  (0ms)  (pid 28521)
Compiled bootstrap-responsive.css  (0ms)  (pid 28521)
Compiled bootstrap-responsive.min.css  (0ms)  (pid 28521)
Compiled bootstrap.css  (0ms)  (pid 28521)
Compiled bootstrap.min.css  (0ms)  (pid 28521)
Compiled docuent_files.css  (9ms)  (pid 28521)
Compiled docuents_files.css  (1ms)  (pid 28521)
Compiled home.css  (1ms)  (pid 28521)
Compiled index.css  (3ms)  (pid 28521)
Compiled musics.css  (1ms)  (pid 28521)
Compiled photos.css  (1ms)  (pid 28521)
Compiled videos.css  (1ms)  (pid 28521)
Compiled application.css  (106ms)  (pid 28521)
Compiled jquery.js  (2ms)  (pid 28749)
Compiled jquery_ujs.js  (0ms)  (pid 28749)
Compiled admin.js  (202ms)  (pid 28749)
Compiled bootstrap-transition.js  (0ms)  (pid 28749)
Compiled bootstrap.js  (1ms)  (pid 28749)
Compiled bootstrap.min.js  (0ms)  (pid 28749)
Compiled bootstrap_dropdown.js  (0ms)  (pid 28749)
Compiled bootstrap_tab.js  (0ms)  (pid 28749)
Compiled docuent_files.js  (186ms)  (pid 28749)
Compiled docuents_files.js  (131ms)  (pid 28749)
Compiled home.js  (133ms)  (pid 28749)
Compiled index.js  (118ms)  (pid 28749)
Compiled musics.js  (120ms)  (pid 28749)
Compiled photos.js  (171ms)  (pid 28749)
Compiled videos.js  (217ms)  (pid 28749)
Compiled application.js  (1519ms)  (pid 28749)
Compiled admin.css  (0ms)  (pid 28749)
Compiled bootstrap-responsive.css  (0ms)  (pid 28749)
Compiled bootstrap-responsive.min.css  (0ms)  (pid 28749)
Compiled bootstrap.css  (0ms)  (pid 28749)
Compiled bootstrap.min.css  (0ms)  (pid 28749)
Compiled docuent_files.css  (8ms)  (pid 28749)
Compiled docuents_files.css  (1ms)  (pid 28749)
Compiled home.css  (1ms)  (pid 28749)
Compiled index.css  (3ms)  (pid 28749)
Compiled musics.css  (1ms)  (pid 28749)
Compiled photos.css  (0ms)  (pid 28749)
Compiled videos.css  (1ms)  (pid 28749)
Compiled application.css  (100ms)  (pid 28749)
